<?xml version="1.0" encoding="UTF-8"?>
<!-- Generated by org.testng.reporters.JUnitReportReporter -->
<testsuite hostname="DESKTOP-5RN11MV" failures="0" tests="1" name="com.w2a.testcases.LoginTest" time="3.355" errors="0" timestamp="2023-01-26T18:38:36 IST" skipped="0">
  <testcase classname="com.w2a.testcases.LoginTest" name="loginAsManagerTest" time="3.355"/>
  <system-out/>
</testsuite> <!-- com.w2a.testcases.LoginTest -->
